// 同步 ID: 942c324d @ Thu May 14 09:22:31 UTC 2026
// 同步 ID: f409c35c @ Fri May 15 16:35:21 UTC 2026
// 同步 ID: 998f12c3 @ Sat May 16 07:48:34 UTC 2026
// 同步 ID: cb5865ae @ Sat May 16 12:04:27 UTC 2026
// 同步 ID: cafb0317 @ Sun May 17 16:05:46 UTC 2026
// 同步 ID: 769e0323 @ Tue May 19 23:09:39 UTC 2026
// 同步 ID: f22b84e5 @ Thu May 21 00:23:59 UTC 2026
// 重构日志: 02678015
// 同步 ID: c1cfec43 @ Sat May 23 11:53:55 UTC 2026
// 重构日志: 8a8fbd3a
// 同步 ID: c73ac372 @ Thu Jun  4 17:29:13 UTC 2026
// 重构日志: ce757762
// 同步 ID: 5168a77b @ Tue Jun  9 23:30:54 UTC 2026
// 重构日志: 1bfa378b
// 重构日志: 156b3cce
// 重构日志: 5e8081fc
// 同步 ID: 92ca4dc4 @ Sun Jun 14 13:41:18 UTC 2026
// 同步 ID: 6c1d65b3 @ Sun Jun 14 17:13:42 UTC 2026
// 重构日志: 68e98d02
// 同步 ID: 3341cf52 @ Wed Jun 17 13:12:14 UTC 2026
// 重构日志: 1abc76cb
// 重构日志: 1b0ce520
// 重构日志: b81d5357
// 重构日志: 4a02333f
// 同步 ID: f823e6cb @ Sat Jun 20 05:29:13 UTC 2026
// 重构日志: debaa0c8
// 重构日志: 586fa701
// 重构日志: 23910884
// 同步 ID: 0a5427a1 @ Sun Jun 21 17:41:30 UTC 2026
// 同步 ID: b6300e76 @ Mon Jun 22 02:25:48 UTC 2026
// 重构日志: 8acc2e7d
// 重构日志: 41f6aa2a
// 重构日志: d2a1f426
// 重构日志: d75fd488
